2019-11-19 01:06:35 WARN  Validator:27 - src\\main\\recources\\restaurant.xml is not valid because 
java.io.FileNotFoundException: D:\Doc\ВТ\Epam\src\main\recources\restaurant.xml (Системе не удается найти указанный путь)
	at java.base/java.io.FileInputStream.open0(Native Method)
	at java.base/java.io.FileInputStream.open(FileInputStream.java:219)
	at java.base/java.io.FileInputStream.<init>(FileInputStream.java:157)
	at java.base/java.io.FileInputStream.<init>(FileInputStream.java:112)
	at java.base/sun.net.www.protocol.file.FileURLConnection.connect(FileURLConnection.java:86)
	at java.base/sun.net.www.protocol.file.FileURLConnection.getInputStream(FileURLConnection.java:184)
	at java.xml/com.sun.org.apache.xerces.internal.impl.XMLEntityManager.setupCurrentEntity(XMLEntityManager.java:654)
	at java.xml/com.sun.org.apache.xerces.internal.impl.XMLVersionDetector.determineDocVersion(XMLVersionDetector.java:150)
	at java.xml/com.sun.org.apache.xerces.internal.parsers.XML11Configuration.parse(XML11Configuration.java:860)
	at java.xml/com.sun.org.apache.xerces.internal.parsers.XML11Configuration.parse(XML11Configuration.java:824)
	at java.xml/com.sun.org.apache.xerces.internal.jaxp.validation.StreamValidatorHelper.validate(StreamValidatorHelper.java:176)
	at java.xml/com.sun.org.apache.xerces.internal.jaxp.validation.ValidatorImpl.validate(ValidatorImpl.java:115)
	at java.xml/javax.xml.validation.Validator.validate(Validator.java:124)
	at com.bsuir.Yuzhik.model.service.Validator.SAXValidator(Validator.java:24)
	at com.bsuir.Yuzhik.controller.Controller.choiceController(Controller.java:34)
	at by.bsuir.Yuzhik.Main.main(Main.java:10)
2019-11-19 01:08:37 WARN  Validator:27 - D:\\Doc\\ВТ\\Epam\\src\\main\\resources\\restaurant.xml is not valid because 
java.net.MalformedURLException: unknown protocol: d
	at java.base/java.net.URL.<init>(URL.java:634)
	at java.base/java.net.URL.<init>(URL.java:523)
	at java.base/java.net.URL.<init>(URL.java:470)
	at java.xml/com.sun.org.apache.xerces.internal.impl.XMLEntityManager.setupCurrentEntity(XMLEntityManager.java:651)
	at java.xml/com.sun.org.apache.xerces.internal.impl.XMLVersionDetector.determineDocVersion(XMLVersionDetector.java:150)
	at java.xml/com.sun.org.apache.xerces.internal.parsers.XML11Configuration.parse(XML11Configuration.java:860)
	at java.xml/com.sun.org.apache.xerces.internal.parsers.XML11Configuration.parse(XML11Configuration.java:824)
	at java.xml/com.sun.org.apache.xerces.internal.jaxp.validation.StreamValidatorHelper.validate(StreamValidatorHelper.java:176)
	at java.xml/com.sun.org.apache.xerces.internal.jaxp.validation.ValidatorImpl.validate(ValidatorImpl.java:115)
	at java.xml/javax.xml.validation.Validator.validate(Validator.java:124)
	at com.bsuir.Yuzhik.model.service.Validator.SAXValidator(Validator.java:24)
	at com.bsuir.Yuzhik.controller.Controller.choiceController(Controller.java:34)
	at by.bsuir.Yuzhik.Main.main(Main.java:10)
2019-11-19 01:16:32 WARN  Service:70 - Order not imported to table
com.mysql.jdbc.exceptions.jdbc4.MySQLIntegrityConstraintViolationException: Cannot add or update a child row: a foreign key constraint fails (`restaurant`.`orders`, CONSTRAINT `orders_ibfk_1` FOREIGN KEY (`dish_id`) REFERENCES `dishes` (`id`) ON DELETE SET NULL)
	at java.base/jdk.internal.reflect.NativeConstructorAccessorImpl.newInstance0(Native Method)
	at java.base/jdk.internal.reflect.NativeConstructorAccessorImpl.newInstance(NativeConstructorAccessorImpl.java:62)
	at java.base/jdk.internal.reflect.DelegatingConstructorAccessorImpl.newInstance(DelegatingConstructorAccessorImpl.java:45)
	at java.base/java.lang.reflect.Constructor.newInstance(Constructor.java:490)
	at com.mysql.jdbc.Util.handleNewInstance(Util.java:425)
	at com.mysql.jdbc.Util.getInstance(Util.java:408)
	at com.mysql.jdbc.SQLError.createSQLException(SQLError.java:936)
	at com.mysql.jdbc.MysqlIO.checkErrorPacket(MysqlIO.java:3933)
	at com.mysql.jdbc.MysqlIO.checkErrorPacket(MysqlIO.java:3869)
	at com.mysql.jdbc.MysqlIO.sendCommand(MysqlIO.java:2524)
	at com.mysql.jdbc.MysqlIO.sqlQueryDirect(MysqlIO.java:2675)
	at com.mysql.jdbc.ConnectionImpl.execSQL(ConnectionImpl.java:2465)
	at com.mysql.jdbc.StatementImpl.executeUpdateInternal(StatementImpl.java:1536)
	at com.mysql.jdbc.StatementImpl.executeLargeUpdate(StatementImpl.java:2585)
	at com.mysql.jdbc.StatementImpl.executeUpdate(StatementImpl.java:1464)
	at com.bsuir.Yuzhik.model.dao.RestaurantDAO.insertOrder(RestaurantDAO.java:68)
	at com.bsuir.Yuzhik.model.service.Service.insertOrderToDB(Service.java:46)
	at com.bsuir.Yuzhik.controller.Controller.choiceController(Controller.java:77)
	at by.bsuir.Yuzhik.Main.main(Main.java:10)
